2023-05-11 20:01:20.665 [main] INFO  com.icnetbanking.testcases.TC_Login_001_Test - TestScenario : com.icnetbanking.testcases.TC_Login_001_Test Started Execution
2023-05-11 20:01:20.668 [main] INFO  com.icnetbanking.testcases.TC_Login_001_Test - URL Launched successfully
2023-05-11 20:01:20.669 [main] INFO  com.icnetbanking.testcases.TC_Login_001_Test - Test Case Method Name: CheckValidUserPwdforLogin
2023-05-11 20:01:21.308 [main] INFO  com.icnetbanking.testcases.TC_Login_001_Test - Cliked on My Account link in HomePage successfully
2023-05-11 20:01:21.715 [main] INFO  com.icnetbanking.testcases.TC_Login_001_Test - Cliked on Login link in HomePage successfully
2023-05-11 20:01:21.812 [main] INFO  com.icnetbanking.testcases.TC_Login_001_Test - Entered Username successfully poornima1982@gmail.com
2023-05-11 20:01:21.900 [main] INFO  com.icnetbanking.testcases.TC_Login_001_Test - Entered Password successfully selenium@123
2023-05-11 20:01:22.411 [main] INFO  com.icnetbanking.testcases.TC_Login_001_Test - Clicked Login Button successfully
2023-05-11 20:01:25.511 [main] INFO  com.icnetbanking.testcases.TC_Login_001_Test - Actualmessage=true
2023-05-11 20:01:25.512 [main] INFO  com.icnetbanking.testcases.TC_Login_001_Test - Expectedmessage=true
2023-05-11 20:01:25.512 [main] INFO  com.icnetbanking.testcases.TC_Login_001_Test - Pass: Edit Your Account information link is displayed
2023-05-11 20:01:28.913 [main] INFO  com.icnetbanking.testcases.TC_Login_001_Test - TestScenario : com.icnetbanking.testcases.TC_Login_001_Test Started Execution
2023-05-11 20:01:28.914 [main] INFO  com.icnetbanking.testcases.TC_Login_001_Test - URL Launched successfully
2023-05-11 20:01:28.914 [main] INFO  com.icnetbanking.testcases.TC_Login_001_Test - Test Case Method Name: CheckInValidUserPwdforLogin
2023-05-11 20:01:29.038 [main] INFO  com.icnetbanking.testcases.TC_Login_001_Test - Cliked on My Account link in HomePage successfully
2023-05-11 20:01:29.377 [main] INFO  com.icnetbanking.testcases.TC_Login_001_Test - Cliked on Login link in HomePage successfully
2023-05-11 20:01:29.463 [main] INFO  com.icnetbanking.testcases.TC_Login_001_Test - Entered Username successfully swetha2010@gmail.com
2023-05-11 20:01:29.544 [main] INFO  com.icnetbanking.testcases.TC_Login_001_Test - Entered Password successfully selenium@123
2023-05-11 20:01:30.027 [main] INFO  com.icnetbanking.testcases.TC_Login_001_Test - Clicked Login Button successfully
2023-05-11 20:01:36.097 [main] INFO  com.icnetbanking.testcases.TC_Login_001_Test - No Such Element Found :no such element: Unable to locate element: {"method":"xpath","selector":"//div[contains(@class,'alert-dismissible')]"}
  (Session info: chrome=113.0.5672.92)
For documentation on this error, please visit: https://selenium.dev/exceptions/#no_such_element
Build info: version: '4.9.0', revision: 'd7057100a6'
System info: os.name: 'Windows 11', os.arch: 'amd64', os.version: '10.0', java.version: '17.0.4.1'
Driver info: org.openqa.selenium.chrome.ChromeDriver
Command: [9268f63c64f666cbc017991ec07788d4, findElement {using=xpath, value=//div[contains(@class,'alert-dismissible')]}]
Capabilities {acceptInsecureCerts: false, browserName: chrome, browserVersion: 113.0.5672.92, chrome: {chromedriverVersion: 112.0.5615.49 (bd2a7bcb881c..., userDataDir: C:\Program Files (x86)\scop...}, goog:chromeOptions: {debuggerAddress: localhost:56063}, networkConnectionEnabled: false, pageLoadStrategy: normal, platformName: WINDOWS, proxy: Proxy(), se:cdp: ws://localhost:56063/devtoo..., se:cdpVersion: 113.0.5672.92, setWindowRect: true, strictFileInteractability: false, timeouts: {implicit: 0, pageLoad: 300000, script: 30000}, unhandledPromptBehavior: dismiss and notify, webauthn:extension:credBlob: true, webauthn:extension:largeBlob: true, webauthn:extension:minPinLength: true, webauthn:extension:prf: true, webauthn:virtualAuthenticators: true}
Session ID: 9268f63c64f666cbc017991ec07788d4
2023-05-11 20:01:36.097 [main] INFO  com.icnetbanking.testcases.TC_Login_001_Test - Fail : InCorrect warning message displayed for invalid credentials
2023-05-11 20:01:39.178 [main] INFO  com.icnetbanking.testcases.TC_Login_001_Test - TestScenario : com.icnetbanking.testcases.TC_Login_001_Test Started Execution
2023-05-11 20:01:39.179 [main] INFO  com.icnetbanking.testcases.TC_Login_001_Test - URL Launched successfully
2023-05-11 20:01:39.179 [main] INFO  com.icnetbanking.testcases.TC_Login_001_Test - Test Case Method Name: CheckInValidUserValidPwdforLogin
2023-05-11 20:01:39.581 [main] INFO  com.icnetbanking.testcases.TC_Login_001_Test - Cliked on My Account link in HomePage successfully
2023-05-11 20:01:47.193 [main] INFO  com.icnetbanking.testcases.TC_Login_001_Test - Cliked on Login link in HomePage successfully
2023-05-11 20:01:47.370 [main] INFO  com.icnetbanking.testcases.TC_Login_001_Test - Entered Username successfully latha@gmail.com
2023-05-11 20:01:47.550 [main] INFO  com.icnetbanking.testcases.TC_Login_001_Test - Entered Password successfully selenium@123
2023-05-11 20:01:48.005 [main] INFO  com.icnetbanking.testcases.TC_Login_001_Test - Clicked Login Button successfully
2023-05-11 20:01:51.101 [main] INFO  com.icnetbanking.testcases.TC_Login_001_Test - Actualmessage=Warning: Your account has exceeded allowed number of login attempts. Please try again in 1 hour.
2023-05-11 20:01:51.101 [main] INFO  com.icnetbanking.testcases.TC_Login_001_Test - Expectedmessage=Warning: No match for E-Mail Address and/or Password.
2023-05-11 20:01:51.102 [main] INFO  com.icnetbanking.testcases.TC_Login_001_Test - Fail : InCorrect warning message displayed for invalid credentials
2023-05-11 20:01:55.769 [main] INFO  com.icnetbanking.testcases.TC_Login_002_Test - TestScenario : com.icnetbanking.testcases.TC_Login_002_Test Started Execution
2023-05-11 20:01:55.770 [main] INFO  com.icnetbanking.testcases.TC_Login_002_Test - URL Launched successfully
2023-05-11 20:01:55.771 [main] INFO  com.icnetbanking.testcases.TC_Login_002_Test - Test Case Method Name: InvalidCredentialsLogin
2023-05-11 20:01:55.916 [main] INFO  com.icnetbanking.testcases.TC_Login_002_Test - Cliked on My Account link in HomePage successfully
2023-05-11 20:01:56.353 [main] INFO  com.icnetbanking.testcases.TC_Login_002_Test - Cliked on Login link in HomePage successfully
2023-05-11 20:01:56.552 [main] INFO  com.icnetbanking.testcases.TC_Login_002_Test - Entered Username successfully poornima1982@gmail.com
2023-05-11 20:01:56.706 [main] INFO  com.icnetbanking.testcases.TC_Login_002_Test - Entered Password successfully selenium@1234
2023-05-11 20:01:57.073 [main] INFO  com.icnetbanking.testcases.TC_Login_002_Test - Clicked Login Button successfully
2023-05-11 20:02:00.108 [main] INFO  com.icnetbanking.testcases.TC_Login_002_Test - Actualmessage=Warning: No match for E-Mail Address and/or Password.
2023-05-11 20:02:00.108 [main] INFO  com.icnetbanking.testcases.TC_Login_002_Test - Expectedmessage=Warning: No match for E-Mail Address and/or Password.
2023-05-11 20:02:00.108 [main] INFO  com.icnetbanking.testcases.TC_Login_002_Test - Pass: Correct warning message displayed for invalid credentials
2023-05-11 20:02:03.491 [main] INFO  com.icnetbanking.testcases.TC_Login_002_Test - TestScenario : com.icnetbanking.testcases.TC_Login_002_Test Started Execution
2023-05-11 20:02:03.494 [main] INFO  com.icnetbanking.testcases.TC_Login_002_Test - URL Launched successfully
2023-05-11 20:02:03.495 [main] INFO  com.icnetbanking.testcases.TC_Login_002_Test - Test Case Method Name: InvalidCredentialsLogin
2023-05-11 20:02:03.839 [main] INFO  com.icnetbanking.testcases.TC_Login_002_Test - Cliked on My Account link in HomePage successfully
2023-05-11 20:02:04.160 [main] INFO  com.icnetbanking.testcases.TC_Login_002_Test - Cliked on Login link in HomePage successfully
2023-05-11 20:02:04.243 [main] INFO  com.icnetbanking.testcases.TC_Login_002_Test - Entered Username successfully swetha2010@gmail.com
2023-05-11 20:02:04.316 [main] INFO  com.icnetbanking.testcases.TC_Login_002_Test - Entered Password successfully selenium@123
2023-05-11 20:02:04.830 [main] INFO  com.icnetbanking.testcases.TC_Login_002_Test - Clicked Login Button successfully
2023-05-11 20:02:10.864 [main] INFO  com.icnetbanking.testcases.TC_Login_002_Test - No Such Element Found :no such element: Unable to locate element: {"method":"xpath","selector":"//div[contains(@class,'alert-dismissible')]"}
  (Session info: chrome=113.0.5672.92)
For documentation on this error, please visit: https://selenium.dev/exceptions/#no_such_element
Build info: version: '4.9.0', revision: 'd7057100a6'
System info: os.name: 'Windows 11', os.arch: 'amd64', os.version: '10.0', java.version: '17.0.4.1'
Driver info: org.openqa.selenium.chrome.ChromeDriver
Command: [2f6ac206557f3594c53ad62a58336439, findElement {using=xpath, value=//div[contains(@class,'alert-dismissible')]}]
Capabilities {acceptInsecureCerts: false, browserName: chrome, browserVersion: 113.0.5672.92, chrome: {chromedriverVersion: 112.0.5615.49 (bd2a7bcb881c..., userDataDir: C:\Program Files (x86)\scop...}, goog:chromeOptions: {debuggerAddress: localhost:56150}, networkConnectionEnabled: false, pageLoadStrategy: normal, platformName: WINDOWS, proxy: Proxy(), se:cdp: ws://localhost:56150/devtoo..., se:cdpVersion: 113.0.5672.92, setWindowRect: true, strictFileInteractability: false, timeouts: {implicit: 0, pageLoad: 300000, script: 30000}, unhandledPromptBehavior: dismiss and notify, webauthn:extension:credBlob: true, webauthn:extension:largeBlob: true, webauthn:extension:minPinLength: true, webauthn:extension:prf: true, webauthn:virtualAuthenticators: true}
Session ID: 2f6ac206557f3594c53ad62a58336439
2023-05-11 20:02:10.865 [main] INFO  com.icnetbanking.testcases.TC_Login_002_Test - Fail : InCorrect warning message displayed for invalid credentials
2023-05-11 20:02:14.079 [main] INFO  com.icnetbanking.testcases.TC_Login_002_Test - TestScenario : com.icnetbanking.testcases.TC_Login_002_Test Started Execution
2023-05-11 20:02:14.084 [main] INFO  com.icnetbanking.testcases.TC_Login_002_Test - URL Launched successfully
2023-05-11 20:02:14.085 [main] INFO  com.icnetbanking.testcases.TC_Login_002_Test - Test Case Method Name: InvalidCredentialsLogin
2023-05-11 20:02:14.281 [main] INFO  com.icnetbanking.testcases.TC_Login_002_Test - Cliked on My Account link in HomePage successfully
2023-05-11 20:02:14.692 [main] INFO  com.icnetbanking.testcases.TC_Login_002_Test - Cliked on Login link in HomePage successfully
2023-05-11 20:02:14.826 [main] INFO  com.icnetbanking.testcases.TC_Login_002_Test - Entered Username successfully latha@gmail.com
2023-05-11 20:02:14.945 [main] INFO  com.icnetbanking.testcases.TC_Login_002_Test - Entered Password successfully pass@123
2023-05-11 20:02:15.313 [main] INFO  com.icnetbanking.testcases.TC_Login_002_Test - Clicked Login Button successfully
2023-05-11 20:02:18.343 [main] INFO  com.icnetbanking.testcases.TC_Login_002_Test - Actualmessage=Warning: Your account has exceeded allowed number of login attempts. Please try again in 1 hour.
2023-05-11 20:02:18.343 [main] INFO  com.icnetbanking.testcases.TC_Login_002_Test - Expectedmessage=Warning: No match for E-Mail Address and/or Password.
2023-05-11 20:02:18.343 [main] INFO  com.icnetbanking.testcases.TC_Login_002_Test - Fail : InCorrect warning message displayed for invalid credentials
2023-05-11 20:02:21.944 [main] INFO  com.icnetbanking.testcases.TC_Register_003_Test - TestScenario : com.icnetbanking.testcases.TC_Register_003_Test Started Execution
2023-05-11 20:02:21.945 [main] INFO  com.icnetbanking.testcases.TC_Register_003_Test - URL Launched successfully
2023-05-11 20:02:21.945 [main] INFO  com.icnetbanking.testcases.TC_Register_003_Test - Test Case Method Name: RegisterNewAccount
2023-05-11 20:02:22.223 [main] INFO  com.icnetbanking.testcases.TC_Register_003_Test - Cliked on My Account link in HomePage successfully
2023-05-11 20:02:22.739 [main] INFO  com.icnetbanking.testcases.TC_Register_003_Test - Cliked on My Register link in HomePage successfully
2023-05-11 20:02:22.806 [main] INFO  com.icnetbanking.testcases.TC_Register_003_Test - Entered Firstname successfully :mayuri
2023-05-11 20:02:22.871 [main] INFO  com.icnetbanking.testcases.TC_Register_003_Test - Entered Lastname successfully :kamal
2023-05-11 20:02:22.941 [main] INFO  com.icnetbanking.testcases.TC_Register_003_Test - Entered Email successfully :mayuri2010@gmail.com
2023-05-11 20:02:23.002 [main] INFO  com.icnetbanking.testcases.TC_Register_003_Test - Entered Telephoneno successfully :4545454
2023-05-11 20:02:23.061 [main] INFO  com.icnetbanking.testcases.TC_Register_003_Test - Entered password successfully :test@123
2023-05-11 20:02:23.123 [main] INFO  com.icnetbanking.testcases.TC_Register_003_Test - Entered confirm password successfully :test@123
2023-05-11 20:02:23.172 [main] INFO  com.icnetbanking.testcases.TC_Register_003_Test - Clicked Yes for NewsLetter successfully
2023-05-11 20:02:23.219 [main] INFO  com.icnetbanking.testcases.TC_Register_003_Test - Clicked Agree CheckBox successfully
2023-05-11 20:02:23.537 [main] INFO  com.icnetbanking.testcases.TC_Register_003_Test - Clicked Continue Button successfully
2023-05-11 20:02:26.608 [main] INFO  com.icnetbanking.testcases.TC_Register_003_Test - No Such Element Found :no such element: Unable to locate element: {"method":"xpath","selector":"//div[@id='content']/h1[.='Your Account Has Been Created!']"}
  (Session info: chrome=113.0.5672.92)
For documentation on this error, please visit: https://selenium.dev/exceptions/#no_such_element
Build info: version: '4.9.0', revision: 'd7057100a6'
System info: os.name: 'Windows 11', os.arch: 'amd64', os.version: '10.0', java.version: '17.0.4.1'
Driver info: org.openqa.selenium.chrome.ChromeDriver
Command: [ad0d5a6e4bdd71254410297c790f4d8d, findElement {using=xpath, value=//div[@id='content']/h1[.='Your Account Has Been Created!']}]
Capabilities {acceptInsecureCerts: false, browserName: chrome, browserVersion: 113.0.5672.92, chrome: {chromedriverVersion: 112.0.5615.49 (bd2a7bcb881c..., userDataDir: C:\Program Files (x86)\scop...}, goog:chromeOptions: {debuggerAddress: localhost:56199}, networkConnectionEnabled: false, pageLoadStrategy: normal, platformName: WINDOWS, proxy: Proxy(), se:cdp: ws://localhost:56199/devtoo..., se:cdpVersion: 113.0.5672.92, setWindowRect: true, strictFileInteractability: false, timeouts: {implicit: 0, pageLoad: 300000, script: 30000}, unhandledPromptBehavior: dismiss and notify, webauthn:extension:credBlob: true, webauthn:extension:largeBlob: true, webauthn:extension:minPinLength: true, webauthn:extension:prf: true, webauthn:virtualAuthenticators: true}
Session ID: ad0d5a6e4bdd71254410297c790f4d8d
2023-05-11 20:02:26.608 [main] INFO  com.icnetbanking.testcases.TC_Register_003_Test - Fail: Accout not Created 
2023-05-11 20:02:29.554 [main] INFO  com.icnetbanking.testcases.TC_Register_003_Test - TestScenario : com.icnetbanking.testcases.TC_Register_003_Test Started Execution
2023-05-11 20:02:29.555 [main] INFO  com.icnetbanking.testcases.TC_Register_003_Test - URL Launched successfully
2023-05-11 20:02:29.556 [main] INFO  com.icnetbanking.testcases.TC_Register_003_Test - Test Case Method Name: RegisterNewAccount
2023-05-11 20:02:30.190 [main] INFO  com.icnetbanking.testcases.TC_Register_003_Test - Cliked on My Account link in HomePage successfully
2023-05-11 20:02:30.800 [main] INFO  com.icnetbanking.testcases.TC_Register_003_Test - Cliked on My Register link in HomePage successfully
2023-05-11 20:02:30.896 [main] INFO  com.icnetbanking.testcases.TC_Register_003_Test - Entered Firstname successfully :jamuna
2023-05-11 20:02:30.959 [main] INFO  com.icnetbanking.testcases.TC_Register_003_Test - Entered Lastname successfully :soundar
2023-05-11 20:02:31.031 [main] INFO  com.icnetbanking.testcases.TC_Register_003_Test - Entered Email successfully :jamuna1234@gmail.com
2023-05-11 20:02:31.088 [main] INFO  com.icnetbanking.testcases.TC_Register_003_Test - Entered Telephoneno successfully :5454454
2023-05-11 20:02:31.145 [main] INFO  com.icnetbanking.testcases.TC_Register_003_Test - Entered password successfully :test@124
2023-05-11 20:02:31.203 [main] INFO  com.icnetbanking.testcases.TC_Register_003_Test - Entered confirm password successfully :test@124
2023-05-11 20:02:31.253 [main] INFO  com.icnetbanking.testcases.TC_Register_003_Test - Clicked Yes for NewsLetter successfully
2023-05-11 20:02:31.303 [main] INFO  com.icnetbanking.testcases.TC_Register_003_Test - Clicked Agree CheckBox successfully
2023-05-11 20:02:31.616 [main] INFO  com.icnetbanking.testcases.TC_Register_003_Test - Clicked Continue Button successfully
2023-05-11 20:02:34.634 [main] INFO  com.icnetbanking.testcases.TC_Register_003_Test - No Such Element Found :no such element: Unable to locate element: {"method":"xpath","selector":"//div[@id='content']/h1[.='Your Account Has Been Created!']"}
  (Session info: chrome=113.0.5672.92)
For documentation on this error, please visit: https://selenium.dev/exceptions/#no_such_element
Build info: version: '4.9.0', revision: 'd7057100a6'
System info: os.name: 'Windows 11', os.arch: 'amd64', os.version: '10.0', java.version: '17.0.4.1'
Driver info: org.openqa.selenium.chrome.ChromeDriver
Command: [d612b476c982eeaf7a45f4a6a0a76b0b, findElement {using=xpath, value=//div[@id='content']/h1[.='Your Account Has Been Created!']}]
Capabilities {acceptInsecureCerts: false, browserName: chrome, browserVersion: 113.0.5672.92, chrome: {chromedriverVersion: 112.0.5615.49 (bd2a7bcb881c..., userDataDir: C:\Program Files (x86)\scop...}, goog:chromeOptions: {debuggerAddress: localhost:56222}, networkConnectionEnabled: false, pageLoadStrategy: normal, platformName: WINDOWS, proxy: Proxy(), se:cdp: ws://localhost:56222/devtoo..., se:cdpVersion: 113.0.5672.92, setWindowRect: true, strictFileInteractability: false, timeouts: {implicit: 0, pageLoad: 300000, script: 30000}, unhandledPromptBehavior: dismiss and notify, webauthn:extension:credBlob: true, webauthn:extension:largeBlob: true, webauthn:extension:minPinLength: true, webauthn:extension:prf: true, webauthn:virtualAuthenticators: true}
Session ID: d612b476c982eeaf7a45f4a6a0a76b0b
2023-05-11 20:02:34.634 [main] INFO  com.icnetbanking.testcases.TC_Register_003_Test - Fail: Accout not Created 
2023-05-11 20:02:38.070 [main] INFO  com.icnetbanking.testcases.TC_Register_003_Test - TestScenario : com.icnetbanking.testcases.TC_Register_003_Test Started Execution
2023-05-11 20:02:38.070 [main] INFO  com.icnetbanking.testcases.TC_Register_003_Test - URL Launched successfully
2023-05-11 20:02:38.070 [main] INFO  com.icnetbanking.testcases.TC_Register_003_Test - Test Case Method Name: RegisterNewAccount
2023-05-11 20:02:38.290 [main] INFO  com.icnetbanking.testcases.TC_Register_003_Test - Cliked on My Account link in HomePage successfully
2023-05-11 20:02:38.789 [main] INFO  com.icnetbanking.testcases.TC_Register_003_Test - Cliked on My Register link in HomePage successfully
2023-05-11 20:02:38.870 [main] INFO  com.icnetbanking.testcases.TC_Register_003_Test - Entered Firstname successfully :nandhini
2023-05-11 20:02:38.935 [main] INFO  com.icnetbanking.testcases.TC_Register_003_Test - Entered Lastname successfully :bala
2023-05-11 20:02:38.996 [main] INFO  com.icnetbanking.testcases.TC_Register_003_Test - Entered Email successfully :nandhini7890@gmail.com
2023-05-11 20:02:39.052 [main] INFO  com.icnetbanking.testcases.TC_Register_003_Test - Entered Telephoneno successfully :4545435
2023-05-11 20:02:39.105 [main] INFO  com.icnetbanking.testcases.TC_Register_003_Test - Entered password successfully :test@125
2023-05-11 20:02:39.166 [main] INFO  com.icnetbanking.testcases.TC_Register_003_Test - Entered confirm password successfully :test@125
2023-05-11 20:02:39.215 [main] INFO  com.icnetbanking.testcases.TC_Register_003_Test - Clicked Yes for NewsLetter successfully
2023-05-11 20:02:39.262 [main] INFO  com.icnetbanking.testcases.TC_Register_003_Test - Clicked Agree CheckBox successfully
2023-05-11 20:02:39.588 [main] INFO  com.icnetbanking.testcases.TC_Register_003_Test - Clicked Continue Button successfully
2023-05-11 20:02:42.651 [main] INFO  com.icnetbanking.testcases.TC_Register_003_Test - No Such Element Found :no such element: Unable to locate element: {"method":"xpath","selector":"//div[@id='content']/h1[.='Your Account Has Been Created!']"}
  (Session info: chrome=113.0.5672.92)
For documentation on this error, please visit: https://selenium.dev/exceptions/#no_such_element
Build info: version: '4.9.0', revision: 'd7057100a6'
System info: os.name: 'Windows 11', os.arch: 'amd64', os.version: '10.0', java.version: '17.0.4.1'
Driver info: org.openqa.selenium.chrome.ChromeDriver
Command: [67cca3fd9e5b8b29fe59aaddfd41c1b4, findElement {using=xpath, value=//div[@id='content']/h1[.='Your Account Has Been Created!']}]
Capabilities {acceptInsecureCerts: false, browserName: chrome, browserVersion: 113.0.5672.92, chrome: {chromedriverVersion: 112.0.5615.49 (bd2a7bcb881c..., userDataDir: C:\Program Files (x86)\scop...}, goog:chromeOptions: {debuggerAddress: localhost:56246}, networkConnectionEnabled: false, pageLoadStrategy: normal, platformName: WINDOWS, proxy: Proxy(), se:cdp: ws://localhost:56246/devtoo..., se:cdpVersion: 113.0.5672.92, setWindowRect: true, strictFileInteractability: false, timeouts: {implicit: 0, pageLoad: 300000, script: 30000}, unhandledPromptBehavior: dismiss and notify, webauthn:extension:credBlob: true, webauthn:extension:largeBlob: true, webauthn:extension:minPinLength: true, webauthn:extension:prf: true, webauthn:virtualAuthenticators: true}
Session ID: 67cca3fd9e5b8b29fe59aaddfd41c1b4
2023-05-11 20:02:42.651 [main] INFO  com.icnetbanking.testcases.TC_Register_003_Test - Fail: Accout not Created 
